# JRE version: Java(TM) SE Runtime Environment (21.0.2+13) (build 21.0.2+13-LTS-58)
# Java VM: Java HotSpot(TM) 64-Bit Server VM (21.0.2+13-LTS-58, mixed mode, sharing, tiered, compressed oops, compressed class ptrs, g1 gc, windows-amd64)
GC Precious Log:
 CardTable entry size: 512
 Card Set container configuration: InlinePtr #cards 5 size 8 Array Of Cards #cards 12 size 40 Howl #buckets 4 coarsen threshold 1843 Howl Bitmap #cards 512 size 80 coarsen threshold 460 Card regions per heap region 1 cards per card region 2048
 CPUs: 12 total, 12 available
 Memory: 7599M
 Large Page Support: Disabled
 NUMA Support: Disabled
 Compressed Oops: Enabled (32-bit)
 Heap Region Size: 1M
 Heap Min Capacity: 8M
 Heap Initial Capacity: 120M
 Heap Max Capacity: 1900M
 Pre-touch: Disabled
 Parallel Workers: 10
 Concurrent Workers: 3
 Concurrent Refinement Workers: 10
 Periodic GC: Disabled
Heap:
 garbage-first heap   total 73728K, used 42444K [0x0000000089400000, 0x0000000100000000)
  region size 1024K, 3 young (3072K), 2 survivors (2048K)
 Metaspace       used 87218K, committed 88128K, reserved 1179648K
  class space    used 11687K, committed 12096K, reserved 1048576K
GC Heap History (20 events):
Event: 7.390 GC heap before
{Heap before GC invocations=14 (full 0):
 garbage-first heap   total 61440K, used 40106K [0x0000000089400000, 0x0000000100000000)
  region size 1024K, 14 young (14336K), 2 survivors (2048K)
 Metaspace       used 59862K, committed 60480K, reserved 1114112K
  class space    used 7750K, committed 8064K, reserved 1048576K
}
Event: 7.392 GC heap after
{Heap after GC invocations=15 (full 0):
 garbage-first heap   total 61440K, used 30292K [0x0000000089400000, 0x0000000100000000)
  region size 1024K, 2 young (2048K), 2 survivors (2048K)
 Metaspace       used 59862K, committed 60480K, reserved 1114112K
  class space    used 7750K, committed 8064K, reserved 1048576K
}
Event: 7.928 GC heap before
{Heap before GC invocations=16 (full 0):
 garbage-first heap   total 61440K, used 54868K [0x0000000089400000, 0x0000000100000000)
  region size 1024K, 26 young (26624K), 2 survivors (2048K)
 Metaspace       used 67139K, committed 67840K, reserved 1114112K
  class space    used 8940K, committed 9280K, reserved 1048576K
}
Event: 7.931 GC heap after
{Heap after GC invocations=17 (full 0):
 garbage-first heap   total 61440K, used 31448K [0x0000000089400000, 0x0000000100000000)
  region size 1024K, 3 young (3072K), 3 survivors (3072K)
 Metaspace       used 67139K, committed 67840K, reserved 1114112K
  class space    used 8940K, committed 9280K, reserved 1048576K
}
Event: 8.430 GC heap before
{Heap before GC invocations=17 (full 0):
 garbage-first heap   total 61440K, used 53976K [0x0000000089400000, 0x0000000100000000)
  region size 1024K, 26 young (26624K), 3 survivors (3072K)
 Metaspace       used 71517K, committed 72256K, reserved 1114112K
  class space    used 9455K, committed 9792K, reserved 1048576K
}
Event: 8.435 GC heap after
{Heap after GC invocations=18 (full 0):
 garbage-first heap   total 61440K, used 32947K [0x0000000089400000, 0x0000000100000000)
  region size 1024K, 4 young (4096K), 4 survivors (4096K)
 Metaspace       used 71517K, committed 72256K, reserved 1114112K
  class space    used 9455K, committed 9792K, reserved 1048576K
}
Event: 9.002 GC heap before
{Heap before GC invocations=18 (full 0):
 garbage-first heap   total 61440K, used 53427K [0x0000000089400000, 0x0000000100000000)
  region size 1024K, 24 young (24576K), 4 survivors (4096K)
 Metaspace       used 74664K, committed 75392K, reserved 1114112K
  class space    used 9914K, committed 10240K, reserved 1048576K
}
Event: 9.009 GC heap after
{Heap after GC invocations=19 (full 0):
 garbage-first heap   total 73728K, used 34733K [0x0000000089400000, 0x0000000100000000)
  region size 1024K, 2 young (2048K), 2 survivors (2048K)
 Metaspace       used 74664K, committed 75392K, reserved 1114112K
  class space    used 9914K, committed 10240K, reserved 1048576K
}
Event: 9.594 GC heap before
{Heap before GC invocations=20 (full 0):
 garbage-first heap   total 73728K, used 66477K [0x0000000089400000, 0x0000000100000000)
  region size 1024K, 33 young (33792K), 2 survivors (2048K)
 Metaspace       used 76399K, committed 77120K, reserved 1179648K
  class space    used 10191K, committed 10496K, reserved 1048576K
}
Event: 9.600 GC heap after
{Heap after GC invocations=21 (full 0):
 garbage-first heap   total 73728K, used 37255K [0x0000000089400000, 0x0000000100000000)
  region size 1024K, 5 young (5120K), 5 survivors (5120K)
 Metaspace       used 76399K, committed 77120K, reserved 1179648K
  class space    used 10191K, committed 10496K, reserved 1048576K
}
Event: 9.888 GC heap before
{Heap before GC invocations=21 (full 0):
 garbage-first heap   total 73728K, used 62855K [0x0000000089400000, 0x0000000100000000)
  region size 1024K, 30 young (30720K), 5 survivors (5120K)
 Metaspace       used 77204K, committed 77952K, reserved 1179648K
  class space    used 10307K, committed 10624K, reserved 1048576K
}
Event: 9.894 GC heap after
{Heap after GC invocations=22 (full 0):
 garbage-first heap   total 73728K, used 38186K [0x0000000089400000, 0x0000000100000000)
  region size 1024K, 2 young (2048K), 2 survivors (2048K)
 Metaspace       used 77204K, committed 77952K, reserved 1179648K
  class space    used 10307K, committed 10624K, reserved 1048576K
}
Event: 10.660 GC heap before
{Heap before GC invocations=22 (full 0):
 garbage-first heap   total 73728K, used 65834K [0x0000000089400000, 0x0000000100000000)
  region size 1024K, 29 young (29696K), 2 survivors (2048K)
 Metaspace       used 78478K, committed 79296K, reserved 1179648K
  class space    used 10503K, committed 10880K, reserved 1048576K
}
Event: 10.668 GC heap after
{Heap after GC invocations=23 (full 0):
 garbage-first heap   total 73728K, used 40110K [0x0000000089400000, 0x0000000100000000)
  region size 1024K, 4 young (4096K), 4 survivors (4096K)
 Metaspace       used 78478K, committed 79296K, reserved 1179648K
  class space    used 10503K, committed 10880K, reserved 1048576K
}
Event: 12.892 GC heap before
{Heap before GC invocations=24 (full 0):
 garbage-first heap   total 73728K, used 63662K [0x0000000089400000, 0x0000000100000000)
  region size 1024K, 27 young (27648K), 4 survivors (4096K)
 Metaspace       used 79876K, committed 80768K, reserved 1179648K
  class space    used 10715K, committed 11136K, reserved 1048576K
}
Event: 12.897 GC heap after
{Heap after GC invocations=25 (full 0):
 garbage-first heap   total 73728K, used 41075K [0x0000000089400000, 0x0000000100000000)
  region size 1024K, 2 young (2048K), 2 survivors (2048K)
 Metaspace       used 79876K, committed 80768K, reserved 1179648K
  class space    used 10715K, committed 11136K, reserved 1048576K
}
Event: 18.487 GC heap before
{Heap before GC invocations=25 (full 0):
 garbage-first heap   total 73728K, used 64627K [0x0000000089400000, 0x0000000100000000)
  region size 1024K, 26 young (26624K), 2 survivors (2048K)
 Metaspace       used 83020K, committed 83968K, reserved 1179648K
  class space    used 11137K, committed 11584K, reserved 1048576K
}
Event: 18.492 GC heap after
{Heap after GC invocations=26 (full 0):
 garbage-first heap   total 73728K, used 41883K [0x0000000089400000, 0x0000000100000000)
  region size 1024K, 3 young (3072K), 3 survivors (3072K)
 Metaspace       used 83020K, committed 83968K, reserved 1179648K
  class space    used 11137K, committed 11584K, reserved 1048576K
}
Event: 378.906 GC heap before
{Heap before GC invocations=26 (full 0):
 garbage-first heap   total 73728K, used 63387K [0x0000000089400000, 0x0000000100000000)
  region size 1024K, 25 young (25600K), 3 survivors (3072K)
 Metaspace       used 87216K, committed 88128K, reserved 1179648K
  class space    used 11687K, committed 12096K, reserved 1048576K
}
Event: 378.910 GC heap after
{Heap after GC invocations=27 (full 0):
 garbage-first heap   total 73728K, used 42444K [0x0000000089400000, 0x0000000100000000)
  region size 1024K, 2 young (2048K), 2 survivors (2048K)
 Metaspace       used 87216K, committed 88128K, reserved 1179648K
  class space    used 11687K, committed 12096K, reserved 1048576K
}

